

Started GET "/" for 127.0.0.1 at 2015-01-20 12:56:09 +0530

AbstractController::ActionNotFound (The action 'hello' could not be found for ApplicationController):
  actionpack (4.2.0) lib/abstract_controller/base.rb:132:in `process'
  actionview (4.2.0) lib/action_view/rendering.rb:30:in `process'
  actionpack (4.2.0) lib/action_controller/metal.rb:195:in `dispatch'
  actionpack (4.2.0) lib/action_controller/metal/rack_delegation.rb:13:in `dispatch'
  actionpack (4.2.0) lib/action_controller/metal.rb:236:in `block in action'
  actionpack (4.2.0) lib/action_dispatch/routing/route_set.rb:73:in `call'
  actionpack (4.2.0) lib/action_dispatch/routing/route_set.rb:73:in `dispatch'
  actionpack (4.2.0) lib/action_dispatch/routing/route_set.rb:42:in `serve'
  actionpack (4.2.0) lib/action_dispatch/journey/router.rb:43:in `block in serve'
  actionpack (4.2.0) lib/action_dispatch/journey/router.rb:30:in `each'
  actionpack (4.2.0) lib/action_dispatch/journey/router.rb:30:in `serve'
  actionpack (4.2.0) lib/action_dispatch/routing/route_set.rb:802:in `call'
  rack (1.6.0) lib/rack/etag.rb:24:in `call'
  rack (1.6.0) lib/rack/conditionalget.rb:25:in `call'
  rack (1.6.0) lib/rack/head.rb:13:in `call'
  actionpack (4.2.0) lib/action_dispatch/middleware/params_parser.rb:27:in `call'
  actionpack (4.2.0) lib/action_dispatch/middleware/flash.rb:260:in `call'
  rack (1.6.0) lib/rack/session/abstract/id.rb:225:in `context'
  rack (1.6.0) lib/rack/session/abstract/id.rb:220:in `call'
  actionpack (4.2.0) lib/action_dispatch/middleware/cookies.rb:560:in `call'
  activerecord (4.2.0) lib/active_record/query_cache.rb:36:in `call'
  activerecord (4.2.0) lib/active_record/connection_adapters/abstract/connection_pool.rb:647:in `call'
  activerecord (4.2.0) lib/active_record/migration.rb:378:in `call'
  actionpack (4.2.0) lib/action_dispatch/middleware/callbacks.rb:29:in `block in call'
  activesupport (4.2.0) lib/active_support/callbacks.rb:88:in `call'
  activesupport (4.2.0) lib/active_support/callbacks.rb:88:in `_run_callbacks'
  activesupport (4.2.0) lib/active_support/callbacks.rb:734:in `_run_call_callbacks'
  activesupport (4.2.0) lib/active_support/callbacks.rb:81:in `run_callbacks'
  actionpack (4.2.0) lib/action_dispatch/middleware/callbacks.rb:27:in `call'
  actionpack (4.2.0) lib/action_dispatch/middleware/reloader.rb:73:in `call'
  actionpack (4.2.0) lib/action_dispatch/middleware/remote_ip.rb:78:in `call'
  web-console (2.0.0) lib/action_dispatch/debug_exceptions.rb:18:in `middleware_call'
  web-console (2.0.0) lib/action_dispatch/debug_exceptions.rb:13:in `call'
  actionpack (4.2.0) lib/action_dispatch/middleware/show_exceptions.rb:30:in `call'
  railties (4.2.0) lib/rails/rack/logger.rb:38:in `call_app'
  railties (4.2.0) lib/rails/rack/logger.rb:20:in `block in call'
  activesupport (4.2.0) lib/active_support/tagged_logging.rb:68:in `block in tagged'
  activesupport (4.2.0) lib/active_support/tagged_logging.rb:26:in `tagged'
  activesupport (4.2.0) lib/active_support/tagged_logging.rb:68:in `tagged'
  railties (4.2.0) lib/rails/rack/logger.rb:20:in `call'
  actionpack (4.2.0) lib/action_dispatch/middleware/request_id.rb:21:in `call'
  rack (1.6.0) lib/rack/methodoverride.rb:22:in `call'
  rack (1.6.0) lib/rack/runtime.rb:18:in `call'
  activesupport (4.2.0) lib/active_support/cache/strategy/local_cache_middleware.rb:28:in `call'
  rack (1.6.0) lib/rack/lock.rb:17:in `call'
  actionpack (4.2.0) lib/action_dispatch/middleware/static.rb:113:in `call'
  rack (1.6.0) lib/rack/sendfile.rb:113:in `call'
  railties (4.2.0) lib/rails/engine.rb:518:in `call'
  railties (4.2.0) lib/rails/application.rb:164:in `call'
  rack (1.6.0) lib/rack/lock.rb:17:in `call'
  rack (1.6.0) lib/rack/content_length.rb:15:in `call'
  rack (1.6.0) lib/rack/handler/webrick.rb:89:in `service'
  /home/webonise/.rvm/rubies/ruby-2.1.5/lib/ruby/2.1.0/webrick/httpserver.rb:138:in `service'
  /home/webonise/.rvm/rubies/ruby-2.1.5/lib/ruby/2.1.0/webrick/httpserver.rb:94:in `run'
  /home/webonise/.rvm/rubies/ruby-2.1.5/lib/ruby/2.1.0/webrick/server.rb:295:in `block in start_thread'


  Rendered /home/webonise/.rvm/gems/ruby-2.1.5/gems/web-console-2.0.0/lib/action_dispatch/templates/rescues/unknown_action.html.erb within rescues/layout (2.0ms)


Started GET "/" for 127.0.0.1 at 2015-01-20 12:57:22 +0530
Processing by ApplicationController#hello as HTML
  Rendered text template (0.0ms)
Completed 200 OK in 32ms (Views: 3.9ms | ActiveRecord: 0.0ms)
  [1m[36m (75.4ms)[0m  [1mCREATE TABLE "schema_migrations" ("version" varchar NOT NULL) [0m
  [1m[35m (0.2ms)[0m  select sqlite_version(*)
  [1m[36m (44.6ms)[0m  [1mCREATE UNIQUE INDEX "unique_schema_migrations" ON "schema_migrations" ("version")[0m
  [1m[35mActiveRecord::SchemaMigration Load (0.4ms)[0m  SELECT "schema_migrations".* FROM "schema_migrations"
Migrating to CreateUsers (20150120074056)
  [1m[36m (0.1ms)[0m  [1mbegin transaction[0m
  [1m[35m (0.9ms)[0m  CREATE TABLE "users" ("id" INTEGER PRIMARY KEY AUTOINCREMENT NOT NULL, "name" varchar, "email" varchar, "created_at" datetime NOT NULL, "updated_at" datetime NOT NULL) 
  [1m[36mSQL (0.6ms)[0m  [1mINSERT INTO "schema_migrations" ("version") VALUES (?)[0m  [["version", "20150120074056"]]
  [1m[35m (81.6ms)[0m  commit transaction
  [1m[36mActiveRecord::SchemaMigration Load (0.3ms)[0m  [1mSELECT "schema_migrations".* FROM "schema_migrations"[0m


Started GET "/" for 127.0.0.1 at 2015-01-20 13:35:40 +0530
Processing by ApplicationController#hello as HTML
  Rendered text template (0.0ms)
Completed 200 OK in 1ms (Views: 0.5ms | ActiveRecord: 0.0ms)


Started GET "/users" for 127.0.0.1 at 2015-01-20 13:35:45 +0530

ActionController::RoutingError (No route matches [GET] "/users"):
  web-console (2.0.0) lib/action_dispatch/debug_exceptions.rb:22:in `middleware_call'
  web-console (2.0.0) lib/action_dispatch/debug_exceptions.rb:13:in `call'
  actionpack (4.2.0) lib/action_dispatch/middleware/show_exceptions.rb:30:in `call'
  railties (4.2.0) lib/rails/rack/logger.rb:38:in `call_app'
  railties (4.2.0) lib/rails/rack/logger.rb:20:in `block in call'
  activesupport (4.2.0) lib/active_support/tagged_logging.rb:68:in `block in tagged'
  activesupport (4.2.0) lib/active_support/tagged_logging.rb:26:in `tagged'
  activesupport (4.2.0) lib/active_support/tagged_logging.rb:68:in `tagged'
  railties (4.2.0) lib/rails/rack/logger.rb:20:in `call'
  actionpack (4.2.0) lib/action_dispatch/middleware/request_id.rb:21:in `call'
  rack (1.6.0) lib/rack/methodoverride.rb:22:in `call'
  rack (1.6.0) lib/rack/runtime.rb:18:in `call'
  activesupport (4.2.0) lib/active_support/cache/strategy/local_cache_middleware.rb:28:in `call'
  rack (1.6.0) lib/rack/lock.rb:17:in `call'
  actionpack (4.2.0) lib/action_dispatch/middleware/static.rb:113:in `call'
  rack (1.6.0) lib/rack/sendfile.rb:113:in `call'
  railties (4.2.0) lib/rails/engine.rb:518:in `call'
  railties (4.2.0) lib/rails/application.rb:164:in `call'
  rack (1.6.0) lib/rack/lock.rb:17:in `call'
  rack (1.6.0) lib/rack/content_length.rb:15:in `call'
  rack (1.6.0) lib/rack/handler/webrick.rb:89:in `service'
  /home/webonise/.rvm/rubies/ruby-2.1.5/lib/ruby/2.1.0/webrick/httpserver.rb:138:in `service'
  /home/webonise/.rvm/rubies/ruby-2.1.5/lib/ruby/2.1.0/webrick/httpserver.rb:94:in `run'
  /home/webonise/.rvm/rubies/ruby-2.1.5/lib/ruby/2.1.0/webrick/server.rb:295:in `block in start_thread'


  Rendered /home/webonise/.rvm/gems/ruby-2.1.5/gems/web-console-2.0.0/lib/action_dispatch/templates/rescues/_trace.html.erb (1.3ms)
  Rendered /home/webonise/.rvm/gems/ruby-2.1.5/gems/web-console-2.0.0/lib/action_dispatch/templates/routes/_route.html.erb (0.6ms)
  Rendered /home/webonise/.rvm/gems/ruby-2.1.5/gems/web-console-2.0.0/lib/action_dispatch/templates/routes/_table.html.erb (9.6ms)
  Rendered /home/webonise/.rvm/gems/ruby-2.1.5/gems/web-console-2.0.0/lib/action_dispatch/templates/rescues/_request_and_response.html.erb (1.0ms)
  Rendered /home/webonise/.rvm/gems/ruby-2.1.5/gems/web-console-2.0.0/lib/action_dispatch/templates/rescues/_web_console.html.erb (0.8ms)
  Rendered /home/webonise/.rvm/gems/ruby-2.1.5/gems/web-console-2.0.0/lib/action_dispatch/templates/rescues/routing_error.html.erb within rescues/layout (75.9ms)


Started GET "/Users" for 127.0.0.1 at 2015-01-20 13:36:03 +0530

ActionController::RoutingError (No route matches [GET] "/Users"):
  web-console (2.0.0) lib/action_dispatch/debug_exceptions.rb:22:in `middleware_call'
  web-console (2.0.0) lib/action_dispatch/debug_exceptions.rb:13:in `call'
  actionpack (4.2.0) lib/action_dispatch/middleware/show_exceptions.rb:30:in `call'
  railties (4.2.0) lib/rails/rack/logger.rb:38:in `call_app'
  railties (4.2.0) lib/rails/rack/logger.rb:20:in `block in call'
  activesupport (4.2.0) lib/active_support/tagged_logging.rb:68:in `block in tagged'
  activesupport (4.2.0) lib/active_support/tagged_logging.rb:26:in `tagged'
  activesupport (4.2.0) lib/active_support/tagged_logging.rb:68:in `tagged'
  railties (4.2.0) lib/rails/rack/logger.rb:20:in `call'
  actionpack (4.2.0) lib/action_dispatch/middleware/request_id.rb:21:in `call'
  rack (1.6.0) lib/rack/methodoverride.rb:22:in `call'
  rack (1.6.0) lib/rack/runtime.rb:18:in `call'
  activesupport (4.2.0) lib/active_support/cache/strategy/local_cache_middleware.rb:28:in `call'
  rack (1.6.0) lib/rack/lock.rb:17:in `call'
  actionpack (4.2.0) lib/action_dispatch/middleware/static.rb:113:in `call'
  rack (1.6.0) lib/rack/sendfile.rb:113:in `call'
  railties (4.2.0) lib/rails/engine.rb:518:in `call'
  railties (4.2.0) lib/rails/application.rb:164:in `call'
  rack (1.6.0) lib/rack/lock.rb:17:in `call'
  rack (1.6.0) lib/rack/content_length.rb:15:in `call'
  rack (1.6.0) lib/rack/handler/webrick.rb:89:in `service'
  /home/webonise/.rvm/rubies/ruby-2.1.5/lib/ruby/2.1.0/webrick/httpserver.rb:138:in `service'
  /home/webonise/.rvm/rubies/ruby-2.1.5/lib/ruby/2.1.0/webrick/httpserver.rb:94:in `run'
  /home/webonise/.rvm/rubies/ruby-2.1.5/lib/ruby/2.1.0/webrick/server.rb:295:in `block in start_thread'


  Rendered /home/webonise/.rvm/gems/ruby-2.1.5/gems/web-console-2.0.0/lib/action_dispatch/templates/rescues/_trace.html.erb (1.1ms)
  Rendered /home/webonise/.rvm/gems/ruby-2.1.5/gems/web-console-2.0.0/lib/action_dispatch/templates/routes/_route.html.erb (0.5ms)
  Rendered /home/webonise/.rvm/gems/ruby-2.1.5/gems/web-console-2.0.0/lib/action_dispatch/templates/routes/_table.html.erb (1.0ms)
  Rendered /home/webonise/.rvm/gems/ruby-2.1.5/gems/web-console-2.0.0/lib/action_dispatch/templates/rescues/_request_and_response.html.erb (0.8ms)
  Rendered /home/webonise/.rvm/gems/ruby-2.1.5/gems/web-console-2.0.0/lib/action_dispatch/templates/rescues/_web_console.html.erb (0.7ms)
  Rendered /home/webonise/.rvm/gems/ruby-2.1.5/gems/web-console-2.0.0/lib/action_dispatch/templates/rescues/routing_error.html.erb within rescues/layout (17.1ms)


Started GET "/users" for 127.0.0.1 at 2015-01-20 13:36:34 +0530

ActionController::RoutingError (No route matches [GET] "/users"):
  web-console (2.0.0) lib/action_dispatch/debug_exceptions.rb:22:in `middleware_call'
  web-console (2.0.0) lib/action_dispatch/debug_exceptions.rb:13:in `call'
  actionpack (4.2.0) lib/action_dispatch/middleware/show_exceptions.rb:30:in `call'
  railties (4.2.0) lib/rails/rack/logger.rb:38:in `call_app'
  railties (4.2.0) lib/rails/rack/logger.rb:20:in `block in call'
  activesupport (4.2.0) lib/active_support/tagged_logging.rb:68:in `block in tagged'
  activesupport (4.2.0) lib/active_support/tagged_logging.rb:26:in `tagged'
  activesupport (4.2.0) lib/active_support/tagged_logging.rb:68:in `tagged'
  railties (4.2.0) lib/rails/rack/logger.rb:20:in `call'
  actionpack (4.2.0) lib/action_dispatch/middleware/request_id.rb:21:in `call'
  rack (1.6.0) lib/rack/methodoverride.rb:22:in `call'
  rack (1.6.0) lib/rack/runtime.rb:18:in `call'
  activesupport (4.2.0) lib/active_support/cache/strategy/local_cache_middleware.rb:28:in `call'
  rack (1.6.0) lib/rack/lock.rb:17:in `call'
  actionpack (4.2.0) lib/action_dispatch/middleware/static.rb:113:in `call'
  rack (1.6.0) lib/rack/sendfile.rb:113:in `call'
  railties (4.2.0) lib/rails/engine.rb:518:in `call'
  railties (4.2.0) lib/rails/application.rb:164:in `call'
  rack (1.6.0) lib/rack/lock.rb:17:in `call'
  rack (1.6.0) lib/rack/content_length.rb:15:in `call'
  rack (1.6.0) lib/rack/handler/webrick.rb:89:in `service'
  /home/webonise/.rvm/rubies/ruby-2.1.5/lib/ruby/2.1.0/webrick/httpserver.rb:138:in `service'
  /home/webonise/.rvm/rubies/ruby-2.1.5/lib/ruby/2.1.0/webrick/httpserver.rb:94:in `run'
  /home/webonise/.rvm/rubies/ruby-2.1.5/lib/ruby/2.1.0/webrick/server.rb:295:in `block in start_thread'


  Rendered /home/webonise/.rvm/gems/ruby-2.1.5/gems/web-console-2.0.0/lib/action_dispatch/templates/rescues/_trace.html.erb (1.1ms)
  Rendered /home/webonise/.rvm/gems/ruby-2.1.5/gems/web-console-2.0.0/lib/action_dispatch/templates/routes/_route.html.erb (0.5ms)
  Rendered /home/webonise/.rvm/gems/ruby-2.1.5/gems/web-console-2.0.0/lib/action_dispatch/templates/routes/_table.html.erb (1.0ms)
  Rendered /home/webonise/.rvm/gems/ruby-2.1.5/gems/web-console-2.0.0/lib/action_dispatch/templates/rescues/_request_and_response.html.erb (0.8ms)
  Rendered /home/webonise/.rvm/gems/ruby-2.1.5/gems/web-console-2.0.0/lib/action_dispatch/templates/rescues/_web_console.html.erb (0.9ms)
  Rendered /home/webonise/.rvm/gems/ruby-2.1.5/gems/web-console-2.0.0/lib/action_dispatch/templates/rescues/routing_error.html.erb within rescues/layout (17.7ms)


Started GET "/user" for 127.0.0.1 at 2015-01-20 13:37:40 +0530

ActionController::RoutingError (No route matches [GET] "/user"):
  web-console (2.0.0) lib/action_dispatch/debug_exceptions.rb:22:in `middleware_call'
  web-console (2.0.0) lib/action_dispatch/debug_exceptions.rb:13:in `call'
  actionpack (4.2.0) lib/action_dispatch/middleware/show_exceptions.rb:30:in `call'
  railties (4.2.0) lib/rails/rack/logger.rb:38:in `call_app'
  railties (4.2.0) lib/rails/rack/logger.rb:20:in `block in call'
  activesupport (4.2.0) lib/active_support/tagged_logging.rb:68:in `block in tagged'
  activesupport (4.2.0) lib/active_support/tagged_logging.rb:26:in `tagged'
  activesupport (4.2.0) lib/active_support/tagged_logging.rb:68:in `tagged'
  railties (4.2.0) lib/rails/rack/logger.rb:20:in `call'
  actionpack (4.2.0) lib/action_dispatch/middleware/request_id.rb:21:in `call'
  rack (1.6.0) lib/rack/methodoverride.rb:22:in `call'
  rack (1.6.0) lib/rack/runtime.rb:18:in `call'
  activesupport (4.2.0) lib/active_support/cache/strategy/local_cache_middleware.rb:28:in `call'
  rack (1.6.0) lib/rack/lock.rb:17:in `call'
  actionpack (4.2.0) lib/action_dispatch/middleware/static.rb:113:in `call'
  rack (1.6.0) lib/rack/sendfile.rb:113:in `call'
  railties (4.2.0) lib/rails/engine.rb:518:in `call'
  railties (4.2.0) lib/rails/application.rb:164:in `call'
  rack (1.6.0) lib/rack/lock.rb:17:in `call'
  rack (1.6.0) lib/rack/content_length.rb:15:in `call'
  rack (1.6.0) lib/rack/handler/webrick.rb:89:in `service'
  /home/webonise/.rvm/rubies/ruby-2.1.5/lib/ruby/2.1.0/webrick/httpserver.rb:138:in `service'
  /home/webonise/.rvm/rubies/ruby-2.1.5/lib/ruby/2.1.0/webrick/httpserver.rb:94:in `run'
  /home/webonise/.rvm/rubies/ruby-2.1.5/lib/ruby/2.1.0/webrick/server.rb:295:in `block in start_thread'


  Rendered /home/webonise/.rvm/gems/ruby-2.1.5/gems/web-console-2.0.0/lib/action_dispatch/templates/rescues/_trace.html.erb (1.1ms)
  Rendered /home/webonise/.rvm/gems/ruby-2.1.5/gems/web-console-2.0.0/lib/action_dispatch/templates/routes/_route.html.erb (0.5ms)
  Rendered /home/webonise/.rvm/gems/ruby-2.1.5/gems/web-console-2.0.0/lib/action_dispatch/templates/routes/_table.html.erb (1.0ms)
  Rendered /home/webonise/.rvm/gems/ruby-2.1.5/gems/web-console-2.0.0/lib/action_dispatch/templates/rescues/_request_and_response.html.erb (1.0ms)
  Rendered /home/webonise/.rvm/gems/ruby-2.1.5/gems/web-console-2.0.0/lib/action_dispatch/templates/rescues/_web_console.html.erb (0.9ms)
  Rendered /home/webonise/.rvm/gems/ruby-2.1.5/gems/web-console-2.0.0/lib/action_dispatch/templates/rescues/routing_error.html.erb within rescues/layout (18.1ms)


Started GET "/users" for 127.0.0.1 at 2015-01-20 13:37:43 +0530

ActionController::RoutingError (No route matches [GET] "/users"):
  web-console (2.0.0) lib/action_dispatch/debug_exceptions.rb:22:in `middleware_call'
  web-console (2.0.0) lib/action_dispatch/debug_exceptions.rb:13:in `call'
  actionpack (4.2.0) lib/action_dispatch/middleware/show_exceptions.rb:30:in `call'
  railties (4.2.0) lib/rails/rack/logger.rb:38:in `call_app'
  railties (4.2.0) lib/rails/rack/logger.rb:20:in `block in call'
  activesupport (4.2.0) lib/active_support/tagged_logging.rb:68:in `block in tagged'
  activesupport (4.2.0) lib/active_support/tagged_logging.rb:26:in `tagged'
  activesupport (4.2.0) lib/active_support/tagged_logging.rb:68:in `tagged'
  railties (4.2.0) lib/rails/rack/logger.rb:20:in `call'
  actionpack (4.2.0) lib/action_dispatch/middleware/request_id.rb:21:in `call'
  rack (1.6.0) lib/rack/methodoverride.rb:22:in `call'
  rack (1.6.0) lib/rack/runtime.rb:18:in `call'
  activesupport (4.2.0) lib/active_support/cache/strategy/local_cache_middleware.rb:28:in `call'
  rack (1.6.0) lib/rack/lock.rb:17:in `call'
  actionpack (4.2.0) lib/action_dispatch/middleware/static.rb:113:in `call'
  rack (1.6.0) lib/rack/sendfile.rb:113:in `call'
  railties (4.2.0) lib/rails/engine.rb:518:in `call'
  railties (4.2.0) lib/rails/application.rb:164:in `call'
  rack (1.6.0) lib/rack/lock.rb:17:in `call'
  rack (1.6.0) lib/rack/content_length.rb:15:in `call'
  rack (1.6.0) lib/rack/handler/webrick.rb:89:in `service'
  /home/webonise/.rvm/rubies/ruby-2.1.5/lib/ruby/2.1.0/webrick/httpserver.rb:138:in `service'
  /home/webonise/.rvm/rubies/ruby-2.1.5/lib/ruby/2.1.0/webrick/httpserver.rb:94:in `run'
  /home/webonise/.rvm/rubies/ruby-2.1.5/lib/ruby/2.1.0/webrick/server.rb:295:in `block in start_thread'


  Rendered /home/webonise/.rvm/gems/ruby-2.1.5/gems/web-console-2.0.0/lib/action_dispatch/templates/rescues/_trace.html.erb (1.1ms)
  Rendered /home/webonise/.rvm/gems/ruby-2.1.5/gems/web-console-2.0.0/lib/action_dispatch/templates/routes/_route.html.erb (0.5ms)
  Rendered /home/webonise/.rvm/gems/ruby-2.1.5/gems/web-console-2.0.0/lib/action_dispatch/templates/routes/_table.html.erb (0.9ms)
  Rendered /home/webonise/.rvm/gems/ruby-2.1.5/gems/web-console-2.0.0/lib/action_dispatch/templates/rescues/_request_and_response.html.erb (0.8ms)
  Rendered /home/webonise/.rvm/gems/ruby-2.1.5/gems/web-console-2.0.0/lib/action_dispatch/templates/rescues/_web_console.html.erb (0.7ms)
  Rendered /home/webonise/.rvm/gems/ruby-2.1.5/gems/web-console-2.0.0/lib/action_dispatch/templates/rescues/routing_error.html.erb within rescues/layout (17.6ms)


Started GET "/users/1" for 127.0.0.1 at 2015-01-20 13:38:07 +0530

ActionController::RoutingError (No route matches [GET] "/users/1"):
  web-console (2.0.0) lib/action_dispatch/debug_exceptions.rb:22:in `middleware_call'
  web-console (2.0.0) lib/action_dispatch/debug_exceptions.rb:13:in `call'
  actionpack (4.2.0) lib/action_dispatch/middleware/show_exceptions.rb:30:in `call'
  railties (4.2.0) lib/rails/rack/logger.rb:38:in `call_app'
  railties (4.2.0) lib/rails/rack/logger.rb:20:in `block in call'
  activesupport (4.2.0) lib/active_support/tagged_logging.rb:68:in `block in tagged'
  activesupport (4.2.0) lib/active_support/tagged_logging.rb:26:in `tagged'
  activesupport (4.2.0) lib/active_support/tagged_logging.rb:68:in `tagged'
  railties (4.2.0) lib/rails/rack/logger.rb:20:in `call'
  actionpack (4.2.0) lib/action_dispatch/middleware/request_id.rb:21:in `call'
  rack (1.6.0) lib/rack/methodoverride.rb:22:in `call'
  rack (1.6.0) lib/rack/runtime.rb:18:in `call'
  activesupport (4.2.0) lib/active_support/cache/strategy/local_cache_middleware.rb:28:in `call'
  rack (1.6.0) lib/rack/lock.rb:17:in `call'
  actionpack (4.2.0) lib/action_dispatch/middleware/static.rb:113:in `call'
  rack (1.6.0) lib/rack/sendfile.rb:113:in `call'
  railties (4.2.0) lib/rails/engine.rb:518:in `call'
  railties (4.2.0) lib/rails/application.rb:164:in `call'
  rack (1.6.0) lib/rack/lock.rb:17:in `call'
  rack (1.6.0) lib/rack/content_length.rb:15:in `call'
  rack (1.6.0) lib/rack/handler/webrick.rb:89:in `service'
  /home/webonise/.rvm/rubies/ruby-2.1.5/lib/ruby/2.1.0/webrick/httpserver.rb:138:in `service'
  /home/webonise/.rvm/rubies/ruby-2.1.5/lib/ruby/2.1.0/webrick/httpserver.rb:94:in `run'
  /home/webonise/.rvm/rubies/ruby-2.1.5/lib/ruby/2.1.0/webrick/server.rb:295:in `block in start_thread'


  Rendered /home/webonise/.rvm/gems/ruby-2.1.5/gems/web-console-2.0.0/lib/action_dispatch/templates/rescues/_trace.html.erb (1.1ms)
  Rendered /home/webonise/.rvm/gems/ruby-2.1.5/gems/web-console-2.0.0/lib/action_dispatch/templates/routes/_route.html.erb (0.5ms)
  Rendered /home/webonise/.rvm/gems/ruby-2.1.5/gems/web-console-2.0.0/lib/action_dispatch/templates/routes/_table.html.erb (1.7ms)
  Rendered /home/webonise/.rvm/gems/ruby-2.1.5/gems/web-console-2.0.0/lib/action_dispatch/templates/rescues/_request_and_response.html.erb (0.9ms)
  Rendered /home/webonise/.rvm/gems/ruby-2.1.5/gems/web-console-2.0.0/lib/action_dispatch/templates/rescues/_web_console.html.erb (0.7ms)
  Rendered /home/webonise/.rvm/gems/ruby-2.1.5/gems/web-console-2.0.0/lib/action_dispatch/templates/rescues/routing_error.html.erb within rescues/layout (21.4ms)


Started GET "/" for 127.0.0.1 at 2015-01-20 13:39:04 +0530
Processing by ApplicationController#hello as HTML
  Rendered text template (0.0ms)
Completed 200 OK in 1ms (Views: 0.5ms | ActiveRecord: 0.0ms)


Started GET "/users" for 127.0.0.1 at 2015-01-20 13:39:19 +0530

ActionController::RoutingError (No route matches [GET] "/users"):
  web-console (2.0.0) lib/action_dispatch/debug_exceptions.rb:22:in `middleware_call'
  web-console (2.0.0) lib/action_dispatch/debug_exceptions.rb:13:in `call'
  actionpack (4.2.0) lib/action_dispatch/middleware/show_exceptions.rb:30:in `call'
  railties (4.2.0) lib/rails/rack/logger.rb:38:in `call_app'
  railties (4.2.0) lib/rails/rack/logger.rb:20:in `block in call'
  activesupport (4.2.0) lib/active_support/tagged_logging.rb:68:in `block in tagged'
  activesupport (4.2.0) lib/active_support/tagged_logging.rb:26:in `tagged'
  activesupport (4.2.0) lib/active_support/tagged_logging.rb:68:in `tagged'
  railties (4.2.0) lib/rails/rack/logger.rb:20:in `call'
  actionpack (4.2.0) lib/action_dispatch/middleware/request_id.rb:21:in `call'
  rack (1.6.0) lib/rack/methodoverride.rb:22:in `call'
  rack (1.6.0) lib/rack/runtime.rb:18:in `call'
  activesupport (4.2.0) lib/active_support/cache/strategy/local_cache_middleware.rb:28:in `call'
  rack (1.6.0) lib/rack/lock.rb:17:in `call'
  actionpack (4.2.0) lib/action_dispatch/middleware/static.rb:113:in `call'
  rack (1.6.0) lib/rack/sendfile.rb:113:in `call'
  railties (4.2.0) lib/rails/engine.rb:518:in `call'
  railties (4.2.0) lib/rails/application.rb:164:in `call'
  rack (1.6.0) lib/rack/lock.rb:17:in `call'
  rack (1.6.0) lib/rack/content_length.rb:15:in `call'
  rack (1.6.0) lib/rack/handler/webrick.rb:89:in `service'
  /home/webonise/.rvm/rubies/ruby-2.1.5/lib/ruby/2.1.0/webrick/httpserver.rb:138:in `service'
  /home/webonise/.rvm/rubies/ruby-2.1.5/lib/ruby/2.1.0/webrick/httpserver.rb:94:in `run'
  /home/webonise/.rvm/rubies/ruby-2.1.5/lib/ruby/2.1.0/webrick/server.rb:295:in `block in start_thread'


  Rendered /home/webonise/.rvm/gems/ruby-2.1.5/gems/web-console-2.0.0/lib/action_dispatch/templates/rescues/_trace.html.erb (1.2ms)
  Rendered /home/webonise/.rvm/gems/ruby-2.1.5/gems/web-console-2.0.0/lib/action_dispatch/templates/routes/_route.html.erb (0.5ms)
  Rendered /home/webonise/.rvm/gems/ruby-2.1.5/gems/web-console-2.0.0/lib/action_dispatch/templates/routes/_table.html.erb (1.0ms)
  Rendered /home/webonise/.rvm/gems/ruby-2.1.5/gems/web-console-2.0.0/lib/action_dispatch/templates/rescues/_request_and_response.html.erb (0.8ms)
  Rendered /home/webonise/.rvm/gems/ruby-2.1.5/gems/web-console-2.0.0/lib/action_dispatch/templates/rescues/_web_console.html.erb (0.8ms)
  Rendered /home/webonise/.rvm/gems/ruby-2.1.5/gems/web-console-2.0.0/lib/action_dispatch/templates/rescues/routing_error.html.erb within rescues/layout (17.6ms)


Started GET "/users." for 127.0.0.1 at 2015-01-20 13:42:00 +0530
  [1m[36mActiveRecord::SchemaMigration Load (0.2ms)[0m  [1mSELECT "schema_migrations".* FROM "schema_migrations"[0m

ActionController::RoutingError (No route matches [GET] "/users."):
  web-console (2.0.0) lib/action_dispatch/debug_exceptions.rb:22:in `middleware_call'
  web-console (2.0.0) lib/action_dispatch/debug_exceptions.rb:13:in `call'
  actionpack (4.2.0) lib/action_dispatch/middleware/show_exceptions.rb:30:in `call'
  railties (4.2.0) lib/rails/rack/logger.rb:38:in `call_app'
  railties (4.2.0) lib/rails/rack/logger.rb:20:in `block in call'
  activesupport (4.2.0) lib/active_support/tagged_logging.rb:68:in `block in tagged'
  activesupport (4.2.0) lib/active_support/tagged_logging.rb:26:in `tagged'
  activesupport (4.2.0) lib/active_support/tagged_logging.rb:68:in `tagged'
  railties (4.2.0) lib/rails/rack/logger.rb:20:in `call'
  actionpack (4.2.0) lib/action_dispatch/middleware/request_id.rb:21:in `call'
  rack (1.6.0) lib/rack/methodoverride.rb:22:in `call'
  rack (1.6.0) lib/rack/runtime.rb:18:in `call'
  activesupport (4.2.0) lib/active_support/cache/strategy/local_cache_middleware.rb:28:in `call'
  rack (1.6.0) lib/rack/lock.rb:17:in `call'
  actionpack (4.2.0) lib/action_dispatch/middleware/static.rb:113:in `call'
  rack (1.6.0) lib/rack/sendfile.rb:113:in `call'
  railties (4.2.0) lib/rails/engine.rb:518:in `call'
  railties (4.2.0) lib/rails/application.rb:164:in `call'
  rack (1.6.0) lib/rack/lock.rb:17:in `call'
  rack (1.6.0) lib/rack/content_length.rb:15:in `call'
  rack (1.6.0) lib/rack/handler/webrick.rb:89:in `service'
  /home/webonise/.rvm/rubies/ruby-2.1.5/lib/ruby/2.1.0/webrick/httpserver.rb:138:in `service'
  /home/webonise/.rvm/rubies/ruby-2.1.5/lib/ruby/2.1.0/webrick/httpserver.rb:94:in `run'
  /home/webonise/.rvm/rubies/ruby-2.1.5/lib/ruby/2.1.0/webrick/server.rb:295:in `block in start_thread'


  Rendered /home/webonise/.rvm/gems/ruby-2.1.5/gems/web-console-2.0.0/lib/action_dispatch/templates/rescues/_trace.html.erb (1.2ms)
  Rendered /home/webonise/.rvm/gems/ruby-2.1.5/gems/web-console-2.0.0/lib/action_dispatch/templates/routes/_route.html.erb (1.0ms)
  Rendered /home/webonise/.rvm/gems/ruby-2.1.5/gems/web-console-2.0.0/lib/action_dispatch/templates/routes/_table.html.erb (8.5ms)
  Rendered /home/webonise/.rvm/gems/ruby-2.1.5/gems/web-console-2.0.0/lib/action_dispatch/templates/rescues/_request_and_response.html.erb (8.5ms)
  Rendered /home/webonise/.rvm/gems/ruby-2.1.5/gems/web-console-2.0.0/lib/action_dispatch/templates/rescues/_web_console.html.erb (1.6ms)
  Rendered /home/webonise/.rvm/gems/ruby-2.1.5/gems/web-console-2.0.0/lib/action_dispatch/templates/rescues/routing_error.html.erb within rescues/layout (42.0ms)


Started GET "/users" for 127.0.0.1 at 2015-01-20 13:42:03 +0530
Processing by UsersController#index as HTML
  [1m[35mUser Load (0.3ms)[0m  SELECT "users".* FROM "users"
  Rendered users/index.html.erb within layouts/application (2.9ms)
Completed 200 OK in 745ms (Views: 741.4ms | ActiveRecord: 0.6ms)


Started GET "/assets/scaffolds-e3c2ea29926345cc427b95a8f845fc26.css?body=1" for 127.0.0.1 at 2015-01-20 13:42:04 +0530


Started GET "/assets/users-069e88c06b889877799890854d7f4c40.css?body=1" for 127.0.0.1 at 2015-01-20 13:42:04 +0530


Started GET "/assets/application-c3e1b07655545ee4aabe2288bd6699da.css?body=1" for 127.0.0.1 at 2015-01-20 13:42:04 +0530


Started GET "/assets/jquery-eb3e278249152b5b5d5170b73d9dbf52.js?body=1" for 127.0.0.1 at 2015-01-20 13:42:04 +0530


Started GET "/assets/jquery_ujs-0b8f09cf5aec4ba1be1abd9f915c77e2.js?body=1" for 127.0.0.1 at 2015-01-20 13:42:04 +0530


Started GET "/assets/users-8f6eecd1178ef85964369ec66d33c4f1.js?body=1" for 127.0.0.1 at 2015-01-20 13:42:04 +0530


Started GET "/assets/turbolinks-924184401b7d116eadaaefc96895fa84.js?body=1" for 127.0.0.1 at 2015-01-20 13:42:04 +0530


Started GET "/assets/application-9d71a2f6dda6b569ca80f60714aabe8b.js?body=1" for 127.0.0.1 at 2015-01-20 13:42:04 +0530


Started GET "/users/new" for 127.0.0.1 at 2015-01-20 13:42:13 +0530
Processing by UsersController#new as HTML
  Rendered users/_form.html.erb (42.0ms)
  Rendered users/new.html.erb within layouts/application (48.9ms)
Completed 200 OK in 134ms (Views: 129.6ms | ActiveRecord: 0.5ms)


Started POST "/users" for 127.0.0.1 at 2015-01-20 13:43:59 +0530
Processing by UsersController#create as HTML
  Parameters: {"utf8"=>"✓", "authenticity_token"=>"zNA+VlUHccWbDIo8inrzY7FqROrNO776O9LNJHCMJLpNMdssidMeRtx6+iGfnGekEaINOrHlexdQ76AEww7TBg==", "user"=>{"name"=>"ashu", "email"=>"ashvini.bhosale@weboniselab.com"}, "commit"=>"Create User"}
  [1m[36m (0.1ms)[0m  [1mbegin transaction[0m
  [1m[35mSQL (1.5ms)[0m  INSERT INTO "users" ("name", "email", "created_at", "updated_at") VALUES (?, ?, ?, ?)  [["name", "ashu"], ["email", "ashvini.bhosale@weboniselab.com"], ["created_at", "2015-01-20 08:13:59.743392"], ["updated_at", "2015-01-20 08:13:59.743392"]]
  [1m[36m (78.6ms)[0m  [1mcommit transaction[0m
Redirected to http://localhost:3000/users/1
Completed 302 Found in 90ms (ActiveRecord: 80.2ms)


Started GET "/users/1" for 127.0.0.1 at 2015-01-20 13:43:59 +0530
Processing by UsersController#show as HTML
  Parameters: {"id"=>"1"}
  [1m[35mUser Load (0.3ms)[0m  SELECT  "users".* FROM "users" WHERE "users"."id" = ? LIMIT 1  [["id", 1]]
  Rendered users/show.html.erb within layouts/application (0.7ms)
Completed 200 OK in 89ms (Views: 59.4ms | ActiveRecord: 0.3ms)


Started GET "/users" for 127.0.0.1 at 2015-01-20 13:44:02 +0530
Processing by UsersController#index as HTML
  [1m[36mUser Load (0.4ms)[0m  [1mSELECT "users".* FROM "users"[0m
  Rendered users/index.html.erb within layouts/application (2.3ms)
Completed 200 OK in 69ms (Views: 68.5ms | ActiveRecord: 0.4ms)


Started GET "/users/1" for 127.0.0.1 at 2015-01-20 14:04:37 +0530
Processing by UsersController#show as HTML
  Parameters: {"id"=>"1"}
  [1m[35mUser Load (0.5ms)[0m  SELECT  "users".* FROM "users" WHERE "users"."id" = ? LIMIT 1  [["id", 1]]
  Rendered users/show.html.erb within layouts/application (0.4ms)
Completed 200 OK in 66ms (Views: 63.6ms | ActiveRecord: 0.5ms)
  [1m[36mActiveRecord::SchemaMigration Load (0.2ms)[0m  [1mSELECT "schema_migrations".* FROM "schema_migrations"[0m
Migrating to CreateMicroposts (20150120085511)
  [1m[35m (0.1ms)[0m  begin transaction
  [1m[36m (0.8ms)[0m  [1mCREATE TABLE "microposts" ("id" INTEGER PRIMARY KEY AUTOINCREMENT NOT NULL, "content" text, "user_id" integer, "created_at" datetime NOT NULL, "updated_at" datetime NOT NULL) [0m
  [1m[35mSQL (0.5ms)[0m  INSERT INTO "schema_migrations" ("version") VALUES (?)  [["version", "20150120085511"]]
  [1m[36m (78.9ms)[0m  [1mcommit transaction[0m
  [1m[35mActiveRecord::SchemaMigration Load (0.3ms)[0m  SELECT "schema_migrations".* FROM "schema_migrations"


Started GET "/" for 127.0.0.1 at 2015-01-20 14:27:46 +0530
  [1m[36mActiveRecord::SchemaMigration Load (0.3ms)[0m  [1mSELECT "schema_migrations".* FROM "schema_migrations"[0m
Processing by ApplicationController#hello as HTML
  Rendered text template (0.0ms)
Completed 200 OK in 7ms (Views: 6.1ms | ActiveRecord: 0.0ms)


Started GET "/users" for 127.0.0.1 at 2015-01-20 14:27:51 +0530
Processing by UsersController#index as HTML
  [1m[35mUser Load (0.4ms)[0m  SELECT "users".* FROM "users"
  Rendered users/index.html.erb within layouts/application (7.0ms)
Completed 200 OK in 297ms (Views: 291.7ms | ActiveRecord: 1.1ms)


Started GET "/assets/microposts-069e88c06b889877799890854d7f4c40.css?body=1" for 127.0.0.1 at 2015-01-20 14:27:51 +0530


Started GET "/assets/microposts-8f6eecd1178ef85964369ec66d33c4f1.js?body=1" for 127.0.0.1 at 2015-01-20 14:27:51 +0530


Started GET "/assets/application-18f10afd70767e0049304380ce89b979.js?body=1" for 127.0.0.1 at 2015-01-20 14:27:51 +0530


Started GET "/microposts" for 127.0.0.1 at 2015-01-20 14:27:59 +0530
Processing by MicropostsController#index as HTML
  [1m[36mMicropost Load (0.4ms)[0m  [1mSELECT "microposts".* FROM "microposts"[0m
  Rendered microposts/index.html.erb within layouts/application (3.5ms)
Completed 200 OK in 105ms (Views: 100.3ms | ActiveRecord: 0.7ms)


Started GET "/microposts/new" for 127.0.0.1 at 2015-01-20 14:28:02 +0530
Processing by MicropostsController#new as HTML
  Rendered microposts/_form.html.erb (19.2ms)
  Rendered microposts/new.html.erb within layouts/application (23.7ms)
Completed 200 OK in 99ms (Views: 92.7ms | ActiveRecord: 0.2ms)


Started POST "/microposts" for 127.0.0.1 at 2015-01-20 14:28:10 +0530
Processing by MicropostsController#create as HTML
  Parameters: {"utf8"=>"✓", "authenticity_token"=>"myA1XWz0qtvM+yV8YM/4+fCpwrB/pVz2lZJNpElHCKsawdAnsCDFWIuNVWF1KWw+UGGLYAN7mRv+ryCE+sX/Fw==", "micropost"=>{"content"=>"hello....", "user_id"=>"ashu"}, "commit"=>"Create Micropost"}
  [1m[35m (0.1ms)[0m  begin transaction
  [1m[36mSQL (1.5ms)[0m  [1mINSERT INTO "microposts" ("content", "user_id", "created_at", "updated_at") VALUES (?, ?, ?, ?)[0m  [["content", "hello...."], ["user_id", 0], ["created_at", "2015-01-20 08:58:10.831110"], ["updated_at", "2015-01-20 08:58:10.831110"]]
  [1m[35m (198.6ms)[0m  commit transaction
Redirected to http://localhost:3000/microposts/1
Completed 302 Found in 207ms (ActiveRecord: 200.1ms)


Started GET "/microposts/1" for 127.0.0.1 at 2015-01-20 14:28:11 +0530
Processing by MicropostsController#show as HTML
  Parameters: {"id"=>"1"}
  [1m[36mMicropost Load (0.4ms)[0m  [1mSELECT  "microposts".* FROM "microposts" WHERE "microposts"."id" = ? LIMIT 1[0m  [["id", 1]]
  Rendered microposts/show.html.erb within layouts/application (0.9ms)
Completed 200 OK in 87ms (Views: 83.7ms | ActiveRecord: 0.4ms)


Started GET "/microposts" for 127.0.0.1 at 2015-01-20 14:28:16 +0530
Processing by MicropostsController#index as HTML
  [1m[35mMicropost Load (0.4ms)[0m  SELECT "microposts".* FROM "microposts"
  Rendered microposts/index.html.erb within layouts/application (2.5ms)
Completed 200 OK in 94ms (Views: 92.5ms | ActiveRecord: 0.4ms)


Started GET "/microposts/1" for 127.0.0.1 at 2015-01-20 14:28:20 +0530
Processing by MicropostsController#show as HTML
  Parameters: {"id"=>"1"}
  [1m[36mMicropost Load (0.5ms)[0m  [1mSELECT  "microposts".* FROM "microposts" WHERE "microposts"."id" = ? LIMIT 1[0m  [["id", 1]]
  Rendered microposts/show.html.erb within layouts/application (1.2ms)
Completed 200 OK in 79ms (Views: 76.9ms | ActiveRecord: 0.5ms)


Started GET "/microposts/1/edit" for 127.0.0.1 at 2015-01-20 14:28:23 +0530
Processing by MicropostsController#edit as HTML
  Parameters: {"id"=>"1"}
  [1m[35mMicropost Load (0.4ms)[0m  SELECT  "microposts".* FROM "microposts" WHERE "microposts"."id" = ? LIMIT 1  [["id", 1]]
  Rendered microposts/_form.html.erb (2.4ms)
  Rendered microposts/edit.html.erb within layouts/application (9.0ms)
Completed 200 OK in 89ms (Views: 87.4ms | ActiveRecord: 0.4ms)


Started PATCH "/microposts/1" for 127.0.0.1 at 2015-01-20 14:28:27 +0530
Processing by MicropostsController#update as HTML
  Parameters: {"utf8"=>"✓", "authenticity_token"=>"m0ONTKts/aHdC6AgzqrBoK1BOILaoW3nza7YkF2QzYkaomg2d7iSIpp90D3bTFVnDYlxUqZ/qAqmk7Ww7hI6NQ==", "micropost"=>{"content"=>"hello....", "user_id"=>"1"}, "commit"=>"Update Micropost", "id"=>"1"}
  [1m[36mMicropost Load (0.3ms)[0m  [1mSELECT  "microposts".* FROM "microposts" WHERE "microposts"."id" = ? LIMIT 1[0m  [["id", 1]]
  [1m[35m (0.0ms)[0m  begin transaction
  [1m[36mSQL (1.0ms)[0m  [1mUPDATE "microposts" SET "user_id" = ?, "updated_at" = ? WHERE "microposts"."id" = ?[0m  [["user_id", 1], ["updated_at", "2015-01-20 08:58:27.227516"], ["id", 1]]
  [1m[35m (118.9ms)[0m  commit transaction
Redirected to http://localhost:3000/microposts/1
Completed 302 Found in 125ms (ActiveRecord: 120.2ms)


Started GET "/microposts/1" for 127.0.0.1 at 2015-01-20 14:28:27 +0530
Processing by MicropostsController#show as HTML
  Parameters: {"id"=>"1"}
  [1m[36mMicropost Load (0.3ms)[0m  [1mSELECT  "microposts".* FROM "microposts" WHERE "microposts"."id" = ? LIMIT 1[0m  [["id", 1]]
  Rendered microposts/show.html.erb within layouts/application (0.4ms)
Completed 200 OK in 84ms (Views: 82.3ms | ActiveRecord: 0.3ms)


Started GET "/microposts" for 127.0.0.1 at 2015-01-20 14:28:29 +0530
Processing by MicropostsController#index as HTML
  [1m[35mMicropost Load (0.2ms)[0m  SELECT "microposts".* FROM "microposts"
  Rendered microposts/index.html.erb within layouts/application (1.1ms)
Completed 200 OK in 89ms (Views: 88.3ms | ActiveRecord: 0.2ms)


Started GET "/microposts/new" for 127.0.0.1 at 2015-01-20 14:28:31 +0530
Processing by MicropostsController#new as HTML
  Rendered microposts/_form.html.erb (2.2ms)
  Rendered microposts/new.html.erb within layouts/application (6.8ms)
Completed 200 OK in 90ms (Views: 89.5ms | ActiveRecord: 0.0ms)


Started POST "/microposts" for 127.0.0.1 at 2015-01-20 14:28:40 +0530
Processing by MicropostsController#create as HTML
  Parameters: {"utf8"=>"✓", "authenticity_token"=>"dyDTu2PTJ3Za2M/vR4v3x/vQO5AbekVqOUYef4p+SB/2wTbBvwdI9R2uv/JSbWMAWxhyQGekgIdSe3NfOfy/ow==", "micropost"=>{"content"=>"bye..i m going", "user_id"=>"2"}, "commit"=>"Create Micropost"}
  [1m[36m (0.1ms)[0m  [1mbegin transaction[0m
  [1m[35mSQL (1.5ms)[0m  INSERT INTO "microposts" ("content", "user_id", "created_at", "updated_at") VALUES (?, ?, ?, ?)  [["content", "bye..i m going"], ["user_id", 2], ["created_at", "2015-01-20 08:58:40.173280"], ["updated_at", "2015-01-20 08:58:40.173280"]]
  [1m[36m (119.8ms)[0m  [1mcommit transaction[0m
Redirected to http://localhost:3000/microposts/2
Completed 302 Found in 127ms (ActiveRecord: 121.4ms)


Started GET "/microposts/2" for 127.0.0.1 at 2015-01-20 14:28:40 +0530
Processing by MicropostsController#show as HTML
  Parameters: {"id"=>"2"}
  [1m[35mMicropost Load (0.3ms)[0m  SELECT  "microposts".* FROM "microposts" WHERE "microposts"."id" = ? LIMIT 1  [["id", 2]]
  Rendered microposts/show.html.erb within layouts/application (0.5ms)
Completed 200 OK in 83ms (Views: 82.1ms | ActiveRecord: 0.3ms)


Started GET "/microposts" for 127.0.0.1 at 2015-01-20 14:28:41 +0530
Processing by MicropostsController#index as HTML
  [1m[36mMicropost Load (0.4ms)[0m  [1mSELECT "microposts".* FROM "microposts"[0m
  Rendered microposts/index.html.erb within layouts/application (1.8ms)
Completed 200 OK in 78ms (Views: 76.9ms | ActiveRecord: 0.4ms)


Started GET "/microposts/new" for 127.0.0.1 at 2015-01-20 14:33:50 +0530
Processing by MicropostsController#new as HTML
Completed 500 Internal Server Error in 3ms

SyntaxError (/media/webonise/Data_Drive/app_toy/app/models/micropost.rb:2: syntax error, unexpected ':', expecting '}'
  Validates :content, length { maximum: 10}
                                       ^):
  app/models/micropost.rb:2: syntax error, unexpected ':', expecting '}'
  app/controllers/microposts_controller.rb:17:in `new'


  Rendered /home/webonise/.rvm/gems/ruby-2.1.5/gems/web-console-2.0.0/lib/action_dispatch/templates/rescues/_source.erb (4.8ms)
  Rendered /home/webonise/.rvm/gems/ruby-2.1.5/gems/web-console-2.0.0/lib/action_dispatch/templates/rescues/_trace.html.erb (2.0ms)
  Rendered /home/webonise/.rvm/gems/ruby-2.1.5/gems/web-console-2.0.0/lib/action_dispatch/templates/rescues/_request_and_response.html.erb (0.7ms)
  Rendered /home/webonise/.rvm/gems/ruby-2.1.5/gems/web-console-2.0.0/lib/action_dispatch/templates/rescues/_web_console.html.erb (0.6ms)
  Rendered /home/webonise/.rvm/gems/ruby-2.1.5/gems/web-console-2.0.0/lib/action_dispatch/templates/rescues/diagnostics.html.erb within rescues/layout (18.7ms)


Started GET "/microposts/new" for 127.0.0.1 at 2015-01-20 14:33:50 +0530
Processing by MicropostsController#new as HTML
Completed 500 Internal Server Error in 5ms

SyntaxError (/media/webonise/Data_Drive/app_toy/app/models/micropost.rb:2: syntax error, unexpected ':', expecting '}'
  Validates :content, length { maximum: 10}
                                       ^):
  app/models/micropost.rb:2: syntax error, unexpected ':', expecting '}'
  app/controllers/microposts_controller.rb:17:in `new'


  Rendered /home/webonise/.rvm/gems/ruby-2.1.5/gems/web-console-2.0.0/lib/action_dispatch/templates/rescues/_source.erb (5.0ms)
  Rendered /home/webonise/.rvm/gems/ruby-2.1.5/gems/web-console-2.0.0/lib/action_dispatch/templates/rescues/_trace.html.erb (2.2ms)
  Rendered /home/webonise/.rvm/gems/ruby-2.1.5/gems/web-console-2.0.0/lib/action_dispatch/templates/rescues/_request_and_response.html.erb (0.8ms)
  Rendered /home/webonise/.rvm/gems/ruby-2.1.5/gems/web-console-2.0.0/lib/action_dispatch/templates/rescues/_web_console.html.erb (0.8ms)
  Rendered /home/webonise/.rvm/gems/ruby-2.1.5/gems/web-console-2.0.0/lib/action_dispatch/templates/rescues/diagnostics.html.erb within rescues/layout (19.5ms)


Started GET "/microposts/new" for 127.0.0.1 at 2015-01-20 14:34:14 +0530
Processing by MicropostsController#new as HTML
Completed 500 Internal Server Error in 3ms

SyntaxError (/media/webonise/Data_Drive/app_toy/app/models/micropost.rb:2: syntax error, unexpected ':', expecting '}'
  validates :content, length { maximum: 10}
                                       ^):
  app/models/micropost.rb:2: syntax error, unexpected ':', expecting '}'
  app/controllers/microposts_controller.rb:17:in `new'


  Rendered /home/webonise/.rvm/gems/ruby-2.1.5/gems/web-console-2.0.0/lib/action_dispatch/templates/rescues/_source.erb (5.1ms)
  Rendered /home/webonise/.rvm/gems/ruby-2.1.5/gems/web-console-2.0.0/lib/action_dispatch/templates/rescues/_trace.html.erb (2.2ms)
  Rendered /home/webonise/.rvm/gems/ruby-2.1.5/gems/web-console-2.0.0/lib/action_dispatch/templates/rescues/_request_and_response.html.erb (0.8ms)
  Rendered /home/webonise/.rvm/gems/ruby-2.1.5/gems/web-console-2.0.0/lib/action_dispatch/templates/rescues/_web_console.html.erb (0.8ms)
  Rendered /home/webonise/.rvm/gems/ruby-2.1.5/gems/web-console-2.0.0/lib/action_dispatch/templates/rescues/diagnostics.html.erb within rescues/layout (19.6ms)


Started GET "/microposts" for 127.0.0.1 at 2015-01-20 14:34:19 +0530
Processing by MicropostsController#index as HTML
Completed 500 Internal Server Error in 3ms

SyntaxError (/media/webonise/Data_Drive/app_toy/app/models/micropost.rb:2: syntax error, unexpected ':', expecting '}'
  validates :content, length { maximum: 10}
                                       ^):
  app/models/micropost.rb:2: syntax error, unexpected ':', expecting '}'
  app/controllers/microposts_controller.rb:7:in `index'


  Rendered /home/webonise/.rvm/gems/ruby-2.1.5/gems/web-console-2.0.0/lib/action_dispatch/templates/rescues/_source.erb (5.3ms)
  Rendered /home/webonise/.rvm/gems/ruby-2.1.5/gems/web-console-2.0.0/lib/action_dispatch/templates/rescues/_trace.html.erb (2.4ms)
  Rendered /home/webonise/.rvm/gems/ruby-2.1.5/gems/web-console-2.0.0/lib/action_dispatch/templates/rescues/_request_and_response.html.erb (0.7ms)
  Rendered /home/webonise/.rvm/gems/ruby-2.1.5/gems/web-console-2.0.0/lib/action_dispatch/templates/rescues/_web_console.html.erb (0.9ms)
  Rendered /home/webonise/.rvm/gems/ruby-2.1.5/gems/web-console-2.0.0/lib/action_dispatch/templates/rescues/diagnostics.html.erb within rescues/layout (20.2ms)


Started GET "/microposts" for 127.0.0.1 at 2015-01-20 14:35:06 +0530
Processing by MicropostsController#index as HTML
  [1m[35mMicropost Load (0.5ms)[0m  SELECT "microposts".* FROM "microposts"
  Rendered microposts/index.html.erb within layouts/application (6.2ms)
Completed 200 OK in 91ms (Views: 87.2ms | ActiveRecord: 1.2ms)


Started GET "/microposts/new" for 127.0.0.1 at 2015-01-20 14:35:08 +0530
Processing by MicropostsController#new as HTML
  Rendered microposts/_form.html.erb (1.8ms)
  Rendered microposts/new.html.erb within layouts/application (7.9ms)
Completed 200 OK in 83ms (Views: 82.2ms | ActiveRecord: 0.0ms)


Started POST "/microposts" for 127.0.0.1 at 2015-01-20 14:35:24 +0530
Processing by MicropostsController#create as HTML
  Parameters: {"utf8"=>"✓", "authenticity_token"=>"kTbPAU4XjkTNb7NwdEIbsUA0rfgmp6rVbW6/Xuo2bQ4Q1yp7ksPhx4oZw21hpI924PzkKFp5bzgGU9J+WbSasg==", "micropost"=>{"content"=>"ashvini mahadev bhosale", "user_id"=>"3"}, "commit"=>"Create Micropost"}
  [1m[36m (0.1ms)[0m  [1mbegin transaction[0m
  [1m[35m (0.1ms)[0m  rollback transaction
  Rendered microposts/_form.html.erb (2.2ms)
  Rendered microposts/new.html.erb within layouts/application (5.1ms)
Completed 200 OK in 83ms (Views: 78.4ms | ActiveRecord: 0.2ms)


Started POST "/microposts" for 127.0.0.1 at 2015-01-20 14:37:27 +0530
Processing by MicropostsController#create as HTML
  Parameters: {"utf8"=>"✓", "authenticity_token"=>"kTbPAU4XjkTNb7NwdEIbsUA0rfgmp6rVbW6/Xuo2bQ4Q1yp7ksPhx4oZw21hpI924PzkKFp5bzgGU9J+WbSasg==", "micropost"=>{"content"=>"ashvini mahadev bhosale", "user_id"=>"3"}, "commit"=>"Create Micropost"}
  [1m[36m (0.0ms)[0m  [1mbegin transaction[0m
  [1m[35m (0.0ms)[0m  rollback transaction
  Rendered microposts/_form.html.erb (11.7ms)
  Rendered microposts/new.html.erb within layouts/application (16.6ms)
Completed 200 OK in 105ms (Views: 95.1ms | ActiveRecord: 0.9ms)


Started GET "/assets/microposts-069e88c06b889877799890854d7f4c40.css?body=1" for 127.0.0.1 at 2015-01-20 14:37:28 +0530


Started GET "/assets/scaffolds-e3c2ea29926345cc427b95a8f845fc26.css?body=1" for 127.0.0.1 at 2015-01-20 14:37:28 +0530


Started GET "/assets/application-c3e1b07655545ee4aabe2288bd6699da.css?body=1" for 127.0.0.1 at 2015-01-20 14:37:28 +0530


Started GET "/assets/jquery_ujs-0b8f09cf5aec4ba1be1abd9f915c77e2.js?body=1" for 127.0.0.1 at 2015-01-20 14:37:28 +0530


Started GET "/assets/turbolinks-924184401b7d116eadaaefc96895fa84.js?body=1" for 127.0.0.1 at 2015-01-20 14:37:28 +0530


Started GET "/assets/jquery-eb3e278249152b5b5d5170b73d9dbf52.js?body=1" for 127.0.0.1 at 2015-01-20 14:37:28 +0530


Started GET "/assets/users-069e88c06b889877799890854d7f4c40.css?body=1" for 127.0.0.1 at 2015-01-20 14:37:28 +0530


Started GET "/assets/microposts-8f6eecd1178ef85964369ec66d33c4f1.js?body=1" for 127.0.0.1 at 2015-01-20 14:37:28 +0530


Started GET "/assets/users-8f6eecd1178ef85964369ec66d33c4f1.js?body=1" for 127.0.0.1 at 2015-01-20 14:37:28 +0530


Started GET "/assets/application-18f10afd70767e0049304380ce89b979.js?body=1" for 127.0.0.1 at 2015-01-20 14:37:28 +0530


Started GET "/microposts" for 127.0.0.1 at 2015-01-20 14:37:34 +0530
Processing by MicropostsController#index as HTML
  [1m[36mMicropost Load (0.3ms)[0m  [1mSELECT "microposts".* FROM "microposts"[0m
  Rendered microposts/index.html.erb within layouts/application (1.6ms)
Completed 200 OK in 80ms (Views: 78.8ms | ActiveRecord: 0.3ms)


Started GET "/assets/microposts-069e88c06b889877799890854d7f4c40.css?body=1" for 127.0.0.1 at 2015-01-20 14:37:34 +0530


Started GET "/assets/scaffolds-e3c2ea29926345cc427b95a8f845fc26.css?body=1" for 127.0.0.1 at 2015-01-20 14:37:34 +0530


Started GET "/assets/jquery-eb3e278249152b5b5d5170b73d9dbf52.js?body=1" for 127.0.0.1 at 2015-01-20 14:37:34 +0530


Started GET "/assets/application-c3e1b07655545ee4aabe2288bd6699da.css?body=1" for 127.0.0.1 at 2015-01-20 14:37:34 +0530


Started GET "/assets/jquery_ujs-0b8f09cf5aec4ba1be1abd9f915c77e2.js?body=1" for 127.0.0.1 at 2015-01-20 14:37:34 +0530


Started GET "/assets/users-069e88c06b889877799890854d7f4c40.css?body=1" for 127.0.0.1 at 2015-01-20 14:37:34 +0530


Started GET "/assets/turbolinks-924184401b7d116eadaaefc96895fa84.js?body=1" for 127.0.0.1 at 2015-01-20 14:37:34 +0530


Started GET "/assets/microposts-8f6eecd1178ef85964369ec66d33c4f1.js?body=1" for 127.0.0.1 at 2015-01-20 14:37:34 +0530


Started GET "/assets/users-8f6eecd1178ef85964369ec66d33c4f1.js?body=1" for 127.0.0.1 at 2015-01-20 14:37:34 +0530


Started GET "/assets/application-18f10afd70767e0049304380ce89b979.js?body=1" for 127.0.0.1 at 2015-01-20 14:37:34 +0530


Started GET "/microposts/new" for 127.0.0.1 at 2015-01-20 14:37:36 +0530
Processing by MicropostsController#new as HTML
  Rendered microposts/_form.html.erb (1.8ms)
  Rendered microposts/new.html.erb within layouts/application (7.2ms)
Completed 200 OK in 91ms (Views: 90.2ms | ActiveRecord: 0.0ms)


Started POST "/microposts" for 127.0.0.1 at 2015-01-20 14:37:37 +0530
Processing by MicropostsController#create as HTML
  Parameters: {"utf8"=>"✓", "authenticity_token"=>"6KGassMfeLM/LsrVdVD1ycs/UfhDJCWNm8OFr+KIuv9pQH/IH8sXMHhYushgtmEOa/cYKD/64GDw/uiPUQpNQw==", "micropost"=>{"content"=>"", "user_id"=>""}, "commit"=>"Create Micropost"}
  [1m[35m (0.1ms)[0m  begin transaction
  [1m[36m (0.1ms)[0m  [1mrollback transaction[0m
  Rendered microposts/_form.html.erb (2.6ms)
  Rendered microposts/new.html.erb within layouts/application (5.8ms)
Completed 200 OK in 100ms (Views: 94.6ms | ActiveRecord: 0.2ms)


Started GET "/assets/microposts-069e88c06b889877799890854d7f4c40.css?body=1" for 127.0.0.1 at 2015-01-20 14:37:38 +0530


Started GET "/assets/scaffolds-e3c2ea29926345cc427b95a8f845fc26.css?body=1" for 127.0.0.1 at 2015-01-20 14:37:38 +0530


Started GET "/assets/application-c3e1b07655545ee4aabe2288bd6699da.css?body=1" for 127.0.0.1 at 2015-01-20 14:37:38 +0530


Started GET "/assets/users-069e88c06b889877799890854d7f4c40.css?body=1" for 127.0.0.1 at 2015-01-20 14:37:38 +0530


Started GET "/assets/jquery-eb3e278249152b5b5d5170b73d9dbf52.js?body=1" for 127.0.0.1 at 2015-01-20 14:37:38 +0530


Started GET "/assets/jquery_ujs-0b8f09cf5aec4ba1be1abd9f915c77e2.js?body=1" for 127.0.0.1 at 2015-01-20 14:37:38 +0530


Started GET "/assets/turbolinks-924184401b7d116eadaaefc96895fa84.js?body=1" for 127.0.0.1 at 2015-01-20 14:37:38 +0530


Started GET "/assets/microposts-8f6eecd1178ef85964369ec66d33c4f1.js?body=1" for 127.0.0.1 at 2015-01-20 14:37:38 +0530


Started GET "/assets/users-8f6eecd1178ef85964369ec66d33c4f1.js?body=1" for 127.0.0.1 at 2015-01-20 14:37:38 +0530


Started GET "/assets/application-18f10afd70767e0049304380ce89b979.js?body=1" for 127.0.0.1 at 2015-01-20 14:37:38 +0530


Started GET "/users" for 127.0.0.1 at 2015-01-20 14:38:59 +0530
Processing by UsersController#index as HTML
  [1m[35mUser Load (0.5ms)[0m  SELECT "users".* FROM "users"
  Rendered users/index.html.erb within layouts/application (6.4ms)
Completed 200 OK in 87ms (Views: 82.3ms | ActiveRecord: 1.2ms)


Started GET "/assets/microposts-069e88c06b889877799890854d7f4c40.css?body=1" for 127.0.0.1 at 2015-01-20 14:38:59 +0530


Started GET "/assets/scaffolds-e3c2ea29926345cc427b95a8f845fc26.css?body=1" for 127.0.0.1 at 2015-01-20 14:38:59 +0530


Started GET "/assets/users-069e88c06b889877799890854d7f4c40.css?body=1" for 127.0.0.1 at 2015-01-20 14:38:59 +0530


Started GET "/assets/application-c3e1b07655545ee4aabe2288bd6699da.css?body=1" for 127.0.0.1 at 2015-01-20 14:38:59 +0530


Started GET "/assets/turbolinks-924184401b7d116eadaaefc96895fa84.js?body=1" for 127.0.0.1 at 2015-01-20 14:38:59 +0530


Started GET "/assets/microposts-8f6eecd1178ef85964369ec66d33c4f1.js?body=1" for 127.0.0.1 at 2015-01-20 14:38:59 +0530


Started GET "/assets/jquery-eb3e278249152b5b5d5170b73d9dbf52.js?body=1" for 127.0.0.1 at 2015-01-20 14:38:59 +0530


Started GET "/assets/jquery_ujs-0b8f09cf5aec4ba1be1abd9f915c77e2.js?body=1" for 127.0.0.1 at 2015-01-20 14:38:59 +0530


Started GET "/assets/users-8f6eecd1178ef85964369ec66d33c4f1.js?body=1" for 127.0.0.1 at 2015-01-20 14:38:59 +0530


Started GET "/assets/application-18f10afd70767e0049304380ce89b979.js?body=1" for 127.0.0.1 at 2015-01-20 14:38:59 +0530


Started GET "/users/new" for 127.0.0.1 at 2015-01-20 14:39:01 +0530
Processing by UsersController#new as HTML
  Rendered users/_form.html.erb (2.0ms)
  Rendered users/new.html.erb within layouts/application (6.8ms)
Completed 200 OK in 87ms (Views: 86.2ms | ActiveRecord: 0.0ms)


Started POST "/users" for 127.0.0.1 at 2015-01-20 14:39:04 +0530
Processing by UsersController#create as HTML
  Parameters: {"utf8"=>"✓", "authenticity_token"=>"Nei2u8RsFcAJG34jyfbebbfgpEYMkQCy0/HWR7OTllq0CVPBGLh6Q05tDj7cEEqqFyjtlnBPxV+4zLtnABFh5g==", "user"=>{"name"=>"", "email"=>""}, "commit"=>"Create User"}
  [1m[36m (0.1ms)[0m  [1mbegin transaction[0m
  [1m[35m (0.2ms)[0m  rollback transaction
  Rendered users/_form.html.erb (4.3ms)
  Rendered users/new.html.erb within layouts/application (8.7ms)
Completed 200 OK in 111ms (Views: 106.1ms | ActiveRecord: 0.3ms)


Started GET "/assets/users-069e88c06b889877799890854d7f4c40.css?body=1" for 127.0.0.1 at 2015-01-20 14:39:04 +0530


Started GET "/assets/scaffolds-e3c2ea29926345cc427b95a8f845fc26.css?body=1" for 127.0.0.1 at 2015-01-20 14:39:04 +0530


Started GET "/assets/jquery-eb3e278249152b5b5d5170b73d9dbf52.js?body=1" for 127.0.0.1 at 2015-01-20 14:39:04 +0530


Started GET "/assets/jquery_ujs-0b8f09cf5aec4ba1be1abd9f915c77e2.js?body=1" for 127.0.0.1 at 2015-01-20 14:39:04 +0530


Started GET "/assets/microposts-069e88c06b889877799890854d7f4c40.css?body=1" for 127.0.0.1 at 2015-01-20 14:39:04 +0530


Started GET "/assets/application-c3e1b07655545ee4aabe2288bd6699da.css?body=1" for 127.0.0.1 at 2015-01-20 14:39:04 +0530


Started GET "/assets/turbolinks-924184401b7d116eadaaefc96895fa84.js?body=1" for 127.0.0.1 at 2015-01-20 14:39:04 +0530


Started GET "/assets/microposts-8f6eecd1178ef85964369ec66d33c4f1.js?body=1" for 127.0.0.1 at 2015-01-20 14:39:04 +0530


Started GET "/assets/users-8f6eecd1178ef85964369ec66d33c4f1.js?body=1" for 127.0.0.1 at 2015-01-20 14:39:04 +0530


Started GET "/assets/application-18f10afd70767e0049304380ce89b979.js?body=1" for 127.0.0.1 at 2015-01-20 14:39:05 +0530


Started POST "/users" for 127.0.0.1 at 2015-01-20 14:39:38 +0530
Processing by UsersController#create as HTML
  Parameters: {"utf8"=>"✓", "authenticity_token"=>"Nei2u8RsFcAJG34jyfbebbfgpEYMkQCy0/HWR7OTllq0CVPBGLh6Q05tDj7cEEqqFyjtlnBPxV+4zLtnABFh5g==", "user"=>{"name"=>"as", "email"=>""}, "commit"=>"Create User"}
  [1m[36m (0.0ms)[0m  [1mbegin transaction[0m
  [1m[35mSQL (0.7ms)[0m  INSERT INTO "users" ("name", "email", "created_at", "updated_at") VALUES (?, ?, ?, ?)  [["name", "as"], ["email", ""], ["created_at", "2015-01-20 09:09:38.046208"], ["updated_at", "2015-01-20 09:09:38.046208"]]
  [1m[36m (73.0ms)[0m  [1mcommit transaction[0m
Redirected to http://localhost:3000/users/2
Completed 302 Found in 85ms (ActiveRecord: 74.6ms)


Started GET "/users/2" for 127.0.0.1 at 2015-01-20 14:39:38 +0530
Processing by UsersController#show as HTML
  Parameters: {"id"=>"2"}
  [1m[35mUser Load (0.5ms)[0m  SELECT  "users".* FROM "users" WHERE "users"."id" = ? LIMIT 1  [["id", 2]]
  Rendered users/show.html.erb within layouts/application (0.5ms)
Completed 200 OK in 83ms (Views: 80.6ms | ActiveRecord: 0.5ms)


Started GET "/assets/users-069e88c06b889877799890854d7f4c40.css?body=1" for 127.0.0.1 at 2015-01-20 14:39:38 +0530


Started GET "/assets/microposts-069e88c06b889877799890854d7f4c40.css?body=1" for 127.0.0.1 at 2015-01-20 14:39:38 +0530


Started GET "/assets/scaffolds-e3c2ea29926345cc427b95a8f845fc26.css?body=1" for 127.0.0.1 at 2015-01-20 14:39:38 +0530


Started GET "/assets/application-c3e1b07655545ee4aabe2288bd6699da.css?body=1" for 127.0.0.1 at 2015-01-20 14:39:38 +0530


Started GET "/assets/jquery-eb3e278249152b5b5d5170b73d9dbf52.js?body=1" for 127.0.0.1 at 2015-01-20 14:39:38 +0530


Started GET "/assets/jquery_ujs-0b8f09cf5aec4ba1be1abd9f915c77e2.js?body=1" for 127.0.0.1 at 2015-01-20 14:39:38 +0530


Started GET "/assets/turbolinks-924184401b7d116eadaaefc96895fa84.js?body=1" for 127.0.0.1 at 2015-01-20 14:39:38 +0530


Started GET "/assets/microposts-8f6eecd1178ef85964369ec66d33c4f1.js?body=1" for 127.0.0.1 at 2015-01-20 14:39:38 +0530


Started GET "/assets/users-8f6eecd1178ef85964369ec66d33c4f1.js?body=1" for 127.0.0.1 at 2015-01-20 14:39:38 +0530


Started GET "/assets/application-18f10afd70767e0049304380ce89b979.js?body=1" for 127.0.0.1 at 2015-01-20 14:39:38 +0530


Started POST "/users" for 127.0.0.1 at 2015-01-20 14:39:44 +0530
Processing by UsersController#create as HTML
  Parameters: {"utf8"=>"✓", "authenticity_token"=>"Nei2u8RsFcAJG34jyfbebbfgpEYMkQCy0/HWR7OTllq0CVPBGLh6Q05tDj7cEEqqFyjtlnBPxV+4zLtnABFh5g==", "user"=>{"name"=>"as", "email"=>""}, "commit"=>"Create User"}
  [1m[36m (0.1ms)[0m  [1mbegin transaction[0m
  [1m[35m (0.1ms)[0m  rollback transaction
  Rendered users/_form.html.erb (3.0ms)
  Rendered users/new.html.erb within layouts/application (5.9ms)
Completed 200 OK in 88ms (Views: 78.5ms | ActiveRecord: 1.0ms)


Started GET "/assets/microposts-069e88c06b889877799890854d7f4c40.css?body=1" for 127.0.0.1 at 2015-01-20 14:39:44 +0530


Started GET "/assets/scaffolds-e3c2ea29926345cc427b95a8f845fc26.css?body=1" for 127.0.0.1 at 2015-01-20 14:39:44 +0530


Started GET "/assets/users-069e88c06b889877799890854d7f4c40.css?body=1" for 127.0.0.1 at 2015-01-20 14:39:44 +0530


Started GET "/assets/jquery_ujs-0b8f09cf5aec4ba1be1abd9f915c77e2.js?body=1" for 127.0.0.1 at 2015-01-20 14:39:44 +0530


Started GET "/assets/jquery-eb3e278249152b5b5d5170b73d9dbf52.js?body=1" for 127.0.0.1 at 2015-01-20 14:39:44 +0530


Started GET "/assets/application-c3e1b07655545ee4aabe2288bd6699da.css?body=1" for 127.0.0.1 at 2015-01-20 14:39:44 +0530


Started GET "/assets/turbolinks-924184401b7d116eadaaefc96895fa84.js?body=1" for 127.0.0.1 at 2015-01-20 14:39:44 +0530


Started GET "/assets/microposts-8f6eecd1178ef85964369ec66d33c4f1.js?body=1" for 127.0.0.1 at 2015-01-20 14:39:44 +0530


Started GET "/assets/users-8f6eecd1178ef85964369ec66d33c4f1.js?body=1" for 127.0.0.1 at 2015-01-20 14:39:44 +0530


Started GET "/assets/application-18f10afd70767e0049304380ce89b979.js?body=1" for 127.0.0.1 at 2015-01-20 14:39:44 +0530
  [1m[36mUser Load (0.3ms)[0m  [1mSELECT  "users".* FROM "users"  ORDER BY "users"."id" ASC LIMIT 1[0m
  [1m[35mMicropost Load (0.3ms)[0m  SELECT "microposts".* FROM "microposts" WHERE "microposts"."user_id" = ?  [["user_id", 1]]
  [1m[36mUser Load (0.8ms)[0m  [1mSELECT  "users".* FROM "users"  ORDER BY "users"."id" ASC LIMIT 1 OFFSET 1[0m
